<?xml version="1.0" encoding="UTF-8"?>
<!-- Generated by org.testng.reporters.JUnitReportReporter -->
<testsuite skipped="0" hostname="DESKTOP-3L8B25B" name="scripts.testcase6" tests="1" failures="0" timestamp="2020-10-26T15:03:59 GMT" time="79.535" errors="0">
  <testcase name="tescase6" time="79.535" classname="scripts.testcase6"/>
</testsuite> <!-- scripts.testcase6 -->
