<?xml version="1.0" encoding="UTF-8"?>
<!-- Generated by org.testng.reporters.JUnitReportReporter -->
<testsuite skipped="0" hostname="DESKTOP-3L8B25B" name="scripts.testcase10" tests="1" failures="0" timestamp="2020-10-26T16:57:04 GMT" time="28.059" errors="0">
  <testcase name="tescase10" time="28.059" classname="scripts.testcase10"/>
</testsuite> <!-- scripts.testcase10 -->
