<?xml version="1.0" encoding="UTF-8"?>
<!-- Generated by org.testng.reporters.JUnitReportReporter -->
<testsuite skipped="0" hostname="DESKTOP-3L8B25B" name="scripts.testcase8" tests="1" failures="0" timestamp="2020-10-26T16:14:49 GMT" time="69.080" errors="0">
  <testcase name="tescase8" time="69.080" classname="scripts.testcase8"/>
</testsuite> <!-- scripts.testcase8 -->
