<?xml version="1.0" encoding="UTF-8"?>
<!-- Generated by org.testng.reporters.JUnitReportReporter -->
<testsuite skipped="0" hostname="DESKTOP-3L8B25B" name="scripts.testcase2" tests="1" failures="0" timestamp="2020-10-25T22:13:48 GMT" time="35.219" errors="0">
  <testcase name="tescase2" time="35.219" classname="scripts.testcase2"/>
</testsuite> <!-- scripts.testcase2 -->
