<?xml version="1.0" encoding="UTF-8"?>
<!-- Generated by org.testng.reporters.JUnitReportReporter -->
<testsuite skipped="0" hostname="DESKTOP-3L8B25B" name="scripts.testcase9" tests="1" failures="0" timestamp="2020-10-26T16:33:07 GMT" time="50.854" errors="0">
  <testcase name="tescase9" time="50.854" classname="scripts.testcase9"/>
</testsuite> <!-- scripts.testcase9 -->
