<?xml version="1.0" encoding="UTF-8"?>
<!-- Generated by org.testng.reporters.JUnitReportReporter -->
<testsuite skipped="0" hostname="DESKTOP-3L8B25B" name="scripts.testcase1" tests="1" failures="0" timestamp="2020-10-25T20:48:47 GMT" time="54.242" errors="0">
  <testcase name="tescase1" time="54.242" classname="scripts.testcase1"/>
</testsuite> <!-- scripts.testcase1 -->
