<?xml version="1.0" encoding="UTF-8"?>
<!-- Generated by org.testng.reporters.JUnitReportReporter -->
<testsuite skipped="0" hostname="DESKTOP-3L8B25B" name="scripts.testcase7" tests="1" failures="0" timestamp="2020-10-26T15:41:18 GMT" time="26.673" errors="0">
  <testcase name="tescase7" time="26.673" classname="scripts.testcase7"/>
</testsuite> <!-- scripts.testcase7 -->
