<?xml version="1.0" encoding="UTF-8"?>
<!-- Generated by org.testng.reporters.JUnitReportReporter -->
<testsuite skipped="0" hostname="DESKTOP-3L8B25B" name="scripts.testcase3" tests="1" failures="0" timestamp="2020-10-25T22:28:45 GMT" time="41.147" errors="0">
  <testcase name="tescase3" time="41.147" classname="scripts.testcase3"/>
</testsuite> <!-- scripts.testcase3 -->
