<?xml version="1.0" encoding="UTF-8"?>
<!-- Generated by org.testng.reporters.JUnitReportReporter -->
<testsuite skipped="0" hostname="DESKTOP-3L8B25B" name="scripts.testcase4" tests="1" failures="0" timestamp="2020-10-26T11:24:05 GMT" time="42.250" errors="0">
  <testcase name="tescase4" time="42.250" classname="scripts.testcase4"/>
</testsuite> <!-- scripts.testcase4 -->
